<?xml version="1.0" encoding="UTF-8"?>
<testsuite xmlns:xsi="http://www.w3.org/2001/XMLSchema-instance" xsi:noNamespaceSchemaLocation="https://maven.apache.org/surefire/maven-surefire-plugin/xsd/surefire-test-report-3.0.xsd" version="3.0" name="com.RunnerClass.Adactin_Runner_Class" time="184.988" tests="7" errors="0" skipped="0" failures="1">
  <properties>
[...]
</properties>
  <testcase name="Login Page #1" classname="Hotel Booking in Adactin Application" time="23.728">
    <failure message="expected:&lt;...adactinhotelapp.com/[SearchHotel.php]&gt; but was:&lt;...adactinhotelapp.com/[]&gt;" type="org.junit.ComparisonFailure"><![CDATA[org.junit.ComparisonFailure: expected:<...adactinhotelapp.com/[SearchHotel.php]> but was:<...adactinhotelapp.com/[]>
	at org.junit.Assert.assertEquals(Assert.java:115)
	at org.junit.Assert.assertEquals(Assert.java:144)
	at com.Adactin.Setp.Def.Adactin_Setp_Def.user_click_the_login_button_and_its_navigate_to(Adactin_Setp_Def.java:40)
	at ✽.user Click The Login Button And Its Navigate To "https://adactinhotelapp.com/SearchHotel.php"(file:///C:/Users/barat/eclipse-workspace-4/Cucumber/Feature/Adactin.feature:7)
]]></failure>
    <system-out><![CDATA[
@Ad1
Scenario Outline: Login Page                                                                         # Feature/Adactin.feature:10
  Given user Launch The Application                                                                  # com.Adactin.Setp.Def.Adactin_Setp_Def.user_launch_the_application()
  When user Enter The "Bath" In Username Filed                                                       # com.Adactin.Setp.Def.Adactin_Setp_Def.user_enter_the_in_username_filed(java.lang.String)
  And user Enter The "hetd" In Password Filed                                                        # com.Adactin.Setp.Def.Adactin_Setp_Def.user_enter_the_in_password_filed(java.lang.String)
  Then user Click The Login Button And Its Navigate To "https://adactinhotelapp.com/SearchHotel.php" # com.Adactin.Setp.Def.Adactin_Setp_Def.user_click_the_login_button_and_its_navigate_to(java.lang.String)
      org.junit.ComparisonFailure: expected:<...adactinhotelapp.com/[SearchHotel.php]> but was:<...adactinhotelapp.com/[]>
	at org.junit.Assert.assertEquals(Assert.java:115)
	at org.junit.Assert.assertEquals(Assert.java:144)
	at com.Adactin.Setp.Def.Adactin_Setp_Def.user_click_the_login_button_and_its_navigate_to(Adactin_Setp_Def.java:40)
	at âœ½.user Click The Login Button And Its Navigate To "https://adactinhotelapp.com/SearchHotel.php"(file:///C:/Users/barat/eclipse-workspace-4/Cucumber/Feature/Adactin.feature:7)

]]></system-out>
    <system-err><![CDATA[SLF4J: Failed to load class "org.slf4j.impl.StaticLoggerBinder".
SLF4J: Defaulting to no-operation (NOP) logger implementation
SLF4J: See http://www.slf4j.org/codes.html#StaticLoggerBinder for further details.
log4j:WARN No appenders could be found for logger (io.netty.util.internal.logging.InternalLoggerFactory).
log4j:WARN Please initialize the log4j system properly.
log4j:WARN See http://logging.apache.org/log4j/1.2/faq.html#noconfig for more info.
Starting ChromeDriver 104.0.5112.79 (3cf3e8c8a07d104b9e1260c910efb8f383285dc5-refs/branch-heads/5112@{#1307}) on port 60703
Only local connections are allowed.
Please see https://chromedriver.chromium.org/security-considerations for suggestions on keeping ChromeDriver safe.
ChromeDriver was started successfully.
[1660920920.069][WARNING]: Timed out connecting to Chrome, retrying...
Aug 19, 2022 8:25:40 PM org.openqa.selenium.remote.ProtocolHandshake createSession
INFO: Detected upstream dialect: W3C
Aug 19, 2022 8:25:41 PM org.openqa.selenium.devtools.CdpVersionFinder findNearestMatch
WARNING: Unable to find an exact match for CDP version 104, so returning the closest version found: 103
Aug 19, 2022 8:25:41 PM org.openqa.selenium.devtools.CdpVersionFinder findNearestMatch
INFO: Found CDP implementation for version 104 of 103
]]></system-err>
  </testcase>
  <testcase name="Login Page #2" classname="Hotel Booking in Adactin Application" time="9.2">
    <system-out><![CDATA[
@Ad1
Scenario Outline: Login Page                                                                         # Feature/Adactin.feature:11
  Given user Launch The Application                                                                  # com.Adactin.Setp.Def.Adactin_Setp_Def.user_launch_the_application()
  When user Enter The "BarathBarath" In Username Filed                                               # com.Adactin.Setp.Def.Adactin_Setp_Def.user_enter_the_in_username_filed(java.lang.String)
  And user Enter The "Barath@12" In Password Filed                                                   # com.Adactin.Setp.Def.Adactin_Setp_Def.user_enter_the_in_password_filed(java.lang.String)
  Then user Click The Login Button And Its Navigate To "https://adactinhotelapp.com/SearchHotel.php" # com.Adactin.Setp.Def.Adactin_Setp_Def.user_click_the_login_button_and_its_navigate_to(java.lang.String)
]]></system-out>
  </testcase>
  <testcase name="Search Hotel" classname="Hotel Booking in Adactin Application" time="7.193">
    <system-out><![CDATA[
@Ad1
Scenario: Search Hotel                                                                                # Feature/Adactin.feature:14
  When user Select The Location In Location Filed                                                     # com.Adactin.Setp.Def.Adactin_Setp_Def.user_select_the_location_in_location_filed()
  And user Select The Hotels In Hotels Filed                                                          # com.Adactin.Setp.Def.Adactin_Setp_Def.user_select_the_hotels_in_hotels_filed()
  And user Select The Room Type In Room Type Filed                                                    # com.Adactin.Setp.Def.Adactin_Setp_Def.user_select_the_room_type_in_room_type_filed()
  And user Select The Number Of Rooms In Number Of Rooms Filed                                        # com.Adactin.Setp.Def.Adactin_Setp_Def.user_select_the_number_of_rooms_in_number_of_rooms_filed()
  And user Enter The Check In Date In Check In Date Filed "09/11/2022"                                # com.Adactin.Setp.Def.Adactin_Setp_Def.user_enter_the_check_in_date_in_check_in_date_filed(java.lang.String)
  And user Enter The Check Out Date In Check Out Date Filed "14/11/2022"                              # com.Adactin.Setp.Def.Adactin_Setp_Def.user_enter_the_check_out_date_in_check_out_date_filed(java.lang.String)
  And user Select The Adults Per Room In Adult Per Room Filed                                         # com.Adactin.Setp.Def.Adactin_Setp_Def.user_select_the_adults_per_room_in_adult_per_room_filed()
  And user Select The Child Per Room In Child Per Room Filed                                          # com.Adactin.Setp.Def.Adactin_Setp_Def.user_select_the_child_per_room_in_child_per_room_filed()
  Then user Click The Search Button And Its Navigate To "https://adactinhotelapp.com/SelectHotel.php" # com.Adactin.Setp.Def.Adactin_Setp_Def.user_click_the_search_button_and_its_navigate_to(java.lang.String)
]]></system-out>
  </testcase>
  <testcase name="Select Hotel" classname="Hotel Booking in Adactin Application" time="3.542">
    <system-out><![CDATA[
@Ad2
Scenario: Select Hotel                                                                                # Feature/Adactin.feature:26
  When user Select The Hotel In Select Hotel Filed                                                    # com.Adactin.Setp.Def.Adactin_Setp_Def.user_select_the_hotel_in_select_hotel_filed()
  Then user Click The Continue Button And Its Navigate To "https://adactinhotelapp.com/BookHotel.php" # com.Adactin.Setp.Def.Adactin_Setp_Def.user_click_the_continue_button_and_its_navigate_to(java.lang.String)
]]></system-out>
  </testcase>
  <testcase name="Book A Hotel" classname="Hotel Booking in Adactin Application" time="15.663">
    <system-out><![CDATA[
@Ad2
Scenario: Book A Hotel                                                                                 # Feature/Adactin.feature:31
  When user Enter The First Name In First Name Filed "Barath"                                          # com.Adactin.Setp.Def.Adactin_Setp_Def.user_enter_the_first_name_in_first_name_filed(java.lang.String)
  And user Enter The Last Name In Last Name Filed "K"                                                  # com.Adactin.Setp.Def.Adactin_Setp_Def.user_enter_the_last_name_in_last_name_filed(java.lang.String)
  And user Enter The Billng Address In Billing Address Filed "8/9, Kart Road, Uk-89021"                # com.Adactin.Setp.Def.Adactin_Setp_Def.user_enter_the_billng_address_in_billing_address_filed(java.lang.String)
  And user Enter The Credit Card Number In Credit Card Number Filed "1272828292128212"                 # com.Adactin.Setp.Def.Adactin_Setp_Def.user_enter_the_credit_card_number_in_credit_card_number_filed(java.lang.String)
  And user Select The Credit Card Type In Credit Card Type Filed                                       # com.Adactin.Setp.Def.Adactin_Setp_Def.user_select_the_credit_card_type_in_credit_card_type_filed()
  And user Select The Expiry Month In Expiry Month Filed                                               # com.Adactin.Setp.Def.Adactin_Setp_Def.user_select_the_expiry_month_in_expiry_month_filed()
  And user Select The Expiry Year In Expiry Year Filed                                                 # com.Adactin.Setp.Def.Adactin_Setp_Def.user_select_the_expiry_year_in_expiry_year_filed()
  And user Select The Cvv Number In Cvv Number Filed                                                   # com.Adactin.Setp.Def.Adactin_Setp_Def.user_select_the_cvv_number_in_cvv_number_filed()
  Then user Click The Book Button And Its Navigate To "https://adactinhotelapp.com/BookingConfirm.php" # com.Adactin.Setp.Def.Adactin_Setp_Def.user_click_the_book_button_and_its_navigate_to(java.lang.String)
]]></system-out>
  </testcase>
  <testcase name="Booking Confirmation" classname="Hotel Booking in Adactin Application" time="3.117">
    <system-out><![CDATA[
@Ad3
Scenario: Booking Confirmation            # Feature/Adactin.feature:43
  When user Click The My Itinerary Button # com.Adactin.Setp.Def.Adactin_Setp_Def.user_click_the_my_itinerary_button()
]]></system-out>
  </testcase>
  <testcase name="Booking Itinerary" classname="Hotel Booking in Adactin Application" time="2.714">
    <system-out><![CDATA[
@Ad3
Scenario: Booking Itinerary                         # Feature/Adactin.feature:47
  When User Click The Logout Button In Logout Filed # com.Adactin.Setp.Def.Adactin_Setp_Def.user_click_the_logout_button_in_logout_filed()
]]></system-out>
  </testcase>
</testsuite>